<?xml version="1.0" encoding="UTF-8"?>
<testsuite name="com.sido.backend.reservation.concurrency.PessimisticLockDeadlockTest" tests="1" skipped="0" failures="0" errors="0" timestamp="2026-09-13T09:59:50.963Z" hostname="BOOK-38TIIHH6ML" time="0.322">
  <properties/>
  <testcase name="ORDER BY 없을 때 반대 잠금 순서 → 데드락 발생(에러 1213)" classname="com.sido.backend.reservation.concurrency.PessimisticLockDeadlockTest" time="0.322"/>
  <system-out><![CDATA[2026-09-13T18:59:50.952+09:00  INFO 949696 --- [backend] [    Test worker] t.c.s.AnnotationConfigContextLoaderUtils : Could not detect default configuration classes for test class [com.sido.backend.reservation.concurrency.PessimisticLockDeadlockTest]: PessimisticLockDeadlockTest does not declare any static, non-private, non-final, nested classes annotated with @Configuration.
2026-09-13T18:59:50.956+09:00  INFO 949696 --- [backend] [    Test worker] .b.t.c.SpringBootTestContextBootstrapper : Found @SpringBootConfiguration com.sido.backend.BackendApplication for test class com.sido.backend.reservation.concurrency.PessimisticLockDeadlockTest
Hibernate: 
    insert 
    into
        Stay
        (address, areaSize, capacity, description, detailAddress, isActive, isHomestay, title) 
    values
        (?, ?, ?, ?, ?, ?, ?, ?)
Hibernate: 
    insert 
    into
        StayAvailDate
        (availableDate, stay) 
    values
        (?, ?)
Hibernate: 
    insert 
    into
        StayAvailDate
        (availableDate, stay) 
    values
        (?, ?)
Hibernate: 
    insert 
    into
        StayAvailDate
        (availableDate, stay) 
    values
        (?, ?)
Hibernate: 
    select
        s1_0.id,
        s1_0.address,
        s1_0.areaSize,
        s1_0.capacity,
        s1_0.createdAt,
        s1_0.description,
        s1_0.detailAddress,
        h1_0.id,
        h1_0.loginId,
        h1_0.name,
        h1_0.password,
        h1_0.phone,
        h1_0.role,
        h1_0.region,
        h1_0.stayCount,
        h1_0.villageName,
        s1_0.hostName,
        s1_0.hostPhone,
        s1_0.isActive,
        s1_0.isHomestay,
        s1_0.title,
        s1_0.updatedAt 
    from
        Stay s1_0 
    left join
        (select
            * 
        from
            Member t 
        where
            t.memberType='ADMIN') h1_0 
            on h1_0.id=s1_0.host 
    where
        s1_0.id=?
Hibernate: 
    select
        i1_0.stay,
        i1_0.id,
        i1_0.createdAt,
        i1_0.s3Key,
        i1_0.updatedAt 
    from
        StayImage i1_0 
    where
        i1_0.stay=?
Hibernate: 
    delete 
    from
        Stay 
    where
        id=?
]]></system-out>
  <system-err><![CDATA[]]></system-err>
</testsuite>
