<?xml version="1.0" encoding="UTF-8"?>
<testsuite name="com.sido.backend.stay.cache.StayDetailCacheInvalidationTest" tests="3" skipped="0" failures="0" errors="0" timestamp="2026-09-13T10:00:29.365Z" hostname="BOOK-38TIIHH6ML" time="1.777">
  <properties/>
  <testcase name="수정: 커밋 전에는 캐시 유지, 커밋 후에만 evict" classname="com.sido.backend.stay.cache.StayDetailCacheInvalidationTest" time="1.01"/>
  <testcase name="강제 롤백: DB·캐시 모두 이전 상태 유지 (불필요한 evict 없음)" classname="com.sido.backend.stay.cache.StayDetailCacheInvalidationTest" time="0.447"/>
  <testcase name="삭제: 커밋 전에는 캐시 유지, 커밋 후 evict → 재조회 시 최신 삭제 상태" classname="com.sido.backend.stay.cache.StayDetailCacheInvalidationTest" time="0.307"/>
  <system-out><![CDATA[2026-09-13T19:00:29.216+09:00  INFO 949696 --- [backend] [    Test worker] t.c.s.AnnotationConfigContextLoaderUtils : Could not detect default configuration classes for test class [com.sido.backend.stay.cache.StayDetailCacheInvalidationTest]: StayDetailCacheInvalidationTest does not declare any static, non-private, non-final, nested classes annotated with @Configuration.
2026-09-13T19:00:29.258+09:00  INFO 949696 --- [backend] [    Test worker] .b.t.c.SpringBootTestContextBootstrapper : Found @SpringBootConfiguration com.sido.backend.BackendApplication for test class com.sido.backend.stay.cache.StayDetailCacheInvalidationTest
Hibernate: 
    insert 
    into
        Member
        (loginId, name, password, phone, role, region, stayCount, villageName, memberType) 
    values
        (?, ?, ?, ?, ?, ?, ?, ?, 'ADMIN')
Hibernate: 
    insert 
    into
        Stay
        (address, areaSize, capacity, description, detailAddress, host, isActive, isHomestay, title) 
    values
        (?, ?, ?, ?, ?, ?, ?, ?, ?)
Hibernate: 
    select
        s1_0.id,
        s1_0.address,
        s1_0.areaSize,
        s1_0.capacity,
        s1_0.createdAt,
        s1_0.description,
        s1_0.detailAddress,
        h1_0.id,
        h1_0.loginId,
        h1_0.name,
        h1_0.password,
        h1_0.phone,
        h1_0.role,
        h1_0.region,
        h1_0.stayCount,
        h1_0.villageName,
        s1_0.hostName,
        s1_0.hostPhone,
        s1_0.isActive,
        s1_0.isHomestay,
        s1_0.title,
        s1_0.updatedAt 
    from
        Stay s1_0 
    left join
        (select
            * 
        from
            Member t 
        where
            t.memberType='ADMIN') h1_0 
            on h1_0.id=s1_0.host 
    where
        s1_0.id=?
Hibernate: 
    select
        i1_0.stay,
        i1_0.id,
        i1_0.createdAt,
        i1_0.s3Key,
        i1_0.updatedAt 
    from
        StayImage i1_0 
    where
        i1_0.stay=?
Hibernate: 
    select
        s1_0.id,
        s1_0.address,
        s1_0.areaSize,
        s1_0.capacity,
        s1_0.createdAt,
        s1_0.description,
        s1_0.detailAddress,
        h1_0.id,
        h1_0.loginId,
        h1_0.name,
        h1_0.password,
        h1_0.phone,
        h1_0.role,
        h1_0.region,
        h1_0.stayCount,
        h1_0.villageName,
        s1_0.hostName,
        s1_0.hostPhone,
        s1_0.isActive,
        s1_0.isHomestay,
        s1_0.title,
        s1_0.updatedAt 
    from
        Stay s1_0 
    left join
        (select
            * 
        from
            Member t 
        where
            t.memberType='ADMIN') h1_0 
            on h1_0.id=s1_0.host 
    where
        s1_0.id=?
2026-09-13T19:00:30.091+09:00  WARN 949696 --- [backend] [    Test worker] o.h.p.entity.AbstractEntityPersister     : HHH000502: The [updatedAt] property of the [com.sido.backend.stay.entity.Stay] entity was modified, but it won't be updated because the property is immutable.
Hibernate: 
    update
        Stay 
    set
        address=?,
        areaSize=?,
        capacity=?,
        description=?,
        detailAddress=?,
        host=?,
        hostName=?,
        hostPhone=?,
        isActive=?,
        isHomestay=?,
        title=? 
    where
        id=?
Hibernate: 
    select
        s1_0.id,
        s1_0.address,
        s1_0.areaSize,
        s1_0.capacity,
        s1_0.createdAt,
        s1_0.description,
        s1_0.detailAddress,
        h1_0.id,
        h1_0.loginId,
        h1_0.name,
        h1_0.password,
        h1_0.phone,
        h1_0.role,
        h1_0.region,
        h1_0.stayCount,
        h1_0.villageName,
        s1_0.hostName,
        s1_0.hostPhone,
        s1_0.isActive,
        s1_0.isHomestay,
        s1_0.title,
        s1_0.updatedAt 
    from
        Stay s1_0 
    left join
        (select
            * 
        from
            Member t 
        where
            t.memberType='ADMIN') h1_0 
            on h1_0.id=s1_0.host 
    where
        s1_0.id=?
Hibernate: 
    select
        i1_0.stay,
        i1_0.id,
        i1_0.createdAt,
        i1_0.s3Key,
        i1_0.updatedAt 
    from
        StayImage i1_0 
    where
        i1_0.stay=?
Hibernate: 
    delete 
    from
        Stay 
    where
        id=?
Hibernate: 
    select
        hm1_0.id,
        hm1_0.loginId,
        hm1_0.name,
        hm1_0.password,
        hm1_0.phone,
        hm1_0.role,
        hm1_0.region,
        hm1_0.stayCount,
        hm1_0.villageName 
    from
        Member hm1_0 
    where
        hm1_0.memberType='ADMIN' 
        and hm1_0.id=?
Hibernate: 
    delete 
    from
        Member 
    where
        id=?
Hibernate: 
    insert 
    into
        Member
        (loginId, name, password, phone, role, region, stayCount, villageName, memberType) 
    values
        (?, ?, ?, ?, ?, ?, ?, ?, 'ADMIN')
Hibernate: 
    insert 
    into
        Stay
        (address, areaSize, capacity, description, detailAddress, host, isActive, isHomestay, title) 
    values
        (?, ?, ?, ?, ?, ?, ?, ?, ?)
Hibernate: 
    select
        s1_0.id,
        s1_0.address,
        s1_0.areaSize,
        s1_0.capacity,
        s1_0.createdAt,
        s1_0.description,
        s1_0.detailAddress,
        h1_0.id,
        h1_0.loginId,
        h1_0.name,
        h1_0.password,
        h1_0.phone,
        h1_0.role,
        h1_0.region,
        h1_0.stayCount,
        h1_0.villageName,
        s1_0.hostName,
        s1_0.hostPhone,
        s1_0.isActive,
        s1_0.isHomestay,
        s1_0.title,
        s1_0.updatedAt 
    from
        Stay s1_0 
    left join
        (select
            * 
        from
            Member t 
        where
            t.memberType='ADMIN') h1_0 
            on h1_0.id=s1_0.host 
    where
        s1_0.id=?
Hibernate: 
    select
        i1_0.stay,
        i1_0.id,
        i1_0.createdAt,
        i1_0.s3Key,
        i1_0.updatedAt 
    from
        StayImage i1_0 
    where
        i1_0.stay=?
Hibernate: 
    select
        s1_0.id,
        s1_0.address,
        s1_0.areaSize,
        s1_0.capacity,
        s1_0.createdAt,
        s1_0.description,
        s1_0.detailAddress,
        h1_0.id,
        h1_0.loginId,
        h1_0.name,
        h1_0.password,
        h1_0.phone,
        h1_0.role,
        h1_0.region,
        h1_0.stayCount,
        h1_0.villageName,
        s1_0.hostName,
        s1_0.hostPhone,
        s1_0.isActive,
        s1_0.isHomestay,
        s1_0.title,
        s1_0.updatedAt 
    from
        Stay s1_0 
    left join
        (select
            * 
        from
            Member t 
        where
            t.memberType='ADMIN') h1_0 
            on h1_0.id=s1_0.host 
    where
        s1_0.id=?
Hibernate: 
    select
        s1_0.id,
        s1_0.address,
        s1_0.areaSize,
        s1_0.capacity,
        s1_0.createdAt,
        s1_0.description,
        s1_0.detailAddress,
        h1_0.id,
        h1_0.loginId,
        h1_0.name,
        h1_0.password,
        h1_0.phone,
        h1_0.role,
        h1_0.region,
        h1_0.stayCount,
        h1_0.villageName,
        s1_0.hostName,
        s1_0.hostPhone,
        s1_0.isActive,
        s1_0.isHomestay,
        s1_0.title,
        s1_0.updatedAt 
    from
        Stay s1_0 
    left join
        (select
            * 
        from
            Member t 
        where
            t.memberType='ADMIN') h1_0 
            on h1_0.id=s1_0.host 
    where
        s1_0.id=?
Hibernate: 
    select
        s1_0.id,
        s1_0.address,
        s1_0.areaSize,
        s1_0.capacity,
        s1_0.createdAt,
        s1_0.description,
        s1_0.detailAddress,
        h1_0.id,
        h1_0.loginId,
        h1_0.name,
        h1_0.password,
        h1_0.phone,
        h1_0.role,
        h1_0.region,
        h1_0.stayCount,
        h1_0.villageName,
        s1_0.hostName,
        s1_0.hostPhone,
        s1_0.isActive,
        s1_0.isHomestay,
        s1_0.title,
        s1_0.updatedAt 
    from
        Stay s1_0 
    left join
        (select
            * 
        from
            Member t 
        where
            t.memberType='ADMIN') h1_0 
            on h1_0.id=s1_0.host 
    where
        s1_0.id=?
Hibernate: 
    select
        i1_0.stay,
        i1_0.id,
        i1_0.createdAt,
        i1_0.s3Key,
        i1_0.updatedAt 
    from
        StayImage i1_0 
    where
        i1_0.stay=?
Hibernate: 
    delete 
    from
        Stay 
    where
        id=?
Hibernate: 
    select
        hm1_0.id,
        hm1_0.loginId,
        hm1_0.name,
        hm1_0.password,
        hm1_0.phone,
        hm1_0.role,
        hm1_0.region,
        hm1_0.stayCount,
        hm1_0.villageName 
    from
        Member hm1_0 
    where
        hm1_0.memberType='ADMIN' 
        and hm1_0.id=?
Hibernate: 
    delete 
    from
        Member 
    where
        id=?
Hibernate: 
    insert 
    into
        Member
        (loginId, name, password, phone, role, region, stayCount, villageName, memberType) 
    values
        (?, ?, ?, ?, ?, ?, ?, ?, 'ADMIN')
Hibernate: 
    insert 
    into
        Stay
        (address, areaSize, capacity, description, detailAddress, host, isActive, isHomestay, title) 
    values
        (?, ?, ?, ?, ?, ?, ?, ?, ?)
Hibernate: 
    select
        s1_0.id,
        s1_0.address,
        s1_0.areaSize,
        s1_0.capacity,
        s1_0.createdAt,
        s1_0.description,
        s1_0.detailAddress,
        h1_0.id,
        h1_0.loginId,
        h1_0.name,
        h1_0.password,
        h1_0.phone,
        h1_0.role,
        h1_0.region,
        h1_0.stayCount,
        h1_0.villageName,
        s1_0.hostName,
        s1_0.hostPhone,
        s1_0.isActive,
        s1_0.isHomestay,
        s1_0.title,
        s1_0.updatedAt 
    from
        Stay s1_0 
    left join
        (select
            * 
        from
            Member t 
        where
            t.memberType='ADMIN') h1_0 
            on h1_0.id=s1_0.host 
    where
        s1_0.id=?
Hibernate: 
    select
        i1_0.stay,
        i1_0.id,
        i1_0.createdAt,
        i1_0.s3Key,
        i1_0.updatedAt 
    from
        StayImage i1_0 
    where
        i1_0.stay=?
Hibernate: 
    select
        s1_0.id,
        s1_0.address,
        s1_0.areaSize,
        s1_0.capacity,
        s1_0.createdAt,
        s1_0.description,
        s1_0.detailAddress,
        s1_0.host,
        s1_0.hostName,
        s1_0.hostPhone,
        s1_0.isActive,
        s1_0.isHomestay,
        s1_0.title,
        s1_0.updatedAt 
    from
        Stay s1_0 
    where
        s1_0.id=? for update
Hibernate: 
    select
        hm1_0.id,
        hm1_0.loginId,
        hm1_0.name,
        hm1_0.password,
        hm1_0.phone,
        hm1_0.role,
        hm1_0.region,
        hm1_0.stayCount,
        hm1_0.villageName 
    from
        Member hm1_0 
    where
        hm1_0.memberType='ADMIN' 
        and hm1_0.id=?
Hibernate: 
    select
        case 
            when count(r1_0.id)>0 
                then 1 
            else 0 
    end 
from
    Reservation r1_0 
where
    r1_0.stay=? 
    and r1_0.resrvStatus='RESERVED' 
    and r1_0.visitStatus='UPCOMING'
Hibernate: 
    delete sad1_0 
    from
        StayAvailDate sad1_0 
    where
        sad1_0.stay=? 
        and sad1_0.availableDate>=?
2026-09-13T19:00:31.020+09:00  INFO 949696 --- [backend] [    Test worker] c.s.b.stay.service.StayServiceImpl       : deletedAvailDatesCnt = 0
2026-09-13T19:00:31.027+09:00  WARN 949696 --- [backend] [    Test worker] o.h.p.entity.AbstractEntityPersister     : HHH000502: The [updatedAt] property of the [com.sido.backend.stay.entity.Stay] entity was modified, but it won't be updated because the property is immutable.
Hibernate: 
    update
        Stay 
    set
        address=?,
        areaSize=?,
        capacity=?,
        description=?,
        detailAddress=?,
        host=?,
        hostName=?,
        hostPhone=?,
        isActive=?,
        isHomestay=?,
        title=? 
    where
        id=?
Hibernate: 
    select
        s1_0.id,
        s1_0.address,
        s1_0.areaSize,
        s1_0.capacity,
        s1_0.createdAt,
        s1_0.description,
        s1_0.detailAddress,
        h1_0.id,
        h1_0.loginId,
        h1_0.name,
        h1_0.password,
        h1_0.phone,
        h1_0.role,
        h1_0.region,
        h1_0.stayCount,
        h1_0.villageName,
        s1_0.hostName,
        s1_0.hostPhone,
        s1_0.isActive,
        s1_0.isHomestay,
        s1_0.title,
        s1_0.updatedAt 
    from
        Stay s1_0 
    left join
        (select
            * 
        from
            Member t 
        where
            t.memberType='ADMIN') h1_0 
            on h1_0.id=s1_0.host 
    where
        s1_0.id=?
Hibernate: 
    select
        i1_0.stay,
        i1_0.id,
        i1_0.createdAt,
        i1_0.s3Key,
        i1_0.updatedAt 
    from
        StayImage i1_0 
    where
        i1_0.stay=?
Hibernate: 
    select
        s1_0.id,
        s1_0.address,
        s1_0.areaSize,
        s1_0.capacity,
        s1_0.createdAt,
        s1_0.description,
        s1_0.detailAddress,
        h1_0.id,
        h1_0.loginId,
        h1_0.name,
        h1_0.password,
        h1_0.phone,
        h1_0.role,
        h1_0.region,
        h1_0.stayCount,
        h1_0.villageName,
        s1_0.hostName,
        s1_0.hostPhone,
        s1_0.isActive,
        s1_0.isHomestay,
        s1_0.title,
        s1_0.updatedAt 
    from
        Stay s1_0 
    left join
        (select
            * 
        from
            Member t 
        where
            t.memberType='ADMIN') h1_0 
            on h1_0.id=s1_0.host 
    where
        s1_0.id=?
Hibernate: 
    select
        i1_0.stay,
        i1_0.id,
        i1_0.createdAt,
        i1_0.s3Key,
        i1_0.updatedAt 
    from
        StayImage i1_0 
    where
        i1_0.stay=?
Hibernate: 
    delete 
    from
        Stay 
    where
        id=?
Hibernate: 
    select
        hm1_0.id,
        hm1_0.loginId,
        hm1_0.name,
        hm1_0.password,
        hm1_0.phone,
        hm1_0.role,
        hm1_0.region,
        hm1_0.stayCount,
        hm1_0.villageName 
    from
        Member hm1_0 
    where
        hm1_0.memberType='ADMIN' 
        and hm1_0.id=?
Hibernate: 
    delete 
    from
        Member 
    where
        id=?
]]></system-out>
  <system-err><![CDATA[]]></system-err>
</testsuite>
