<?xml version="1.0" encoding="UTF-8"?>
<testsuite name="com.sido.backend.reservation.service.ReservationLifecycleIntegrationTest" tests="6" skipped="0" failures="0" errors="0" timestamp="2026-09-13T10:00:12.922Z" hostname="BOOK-38TIIHH6ML" time="0.972">
  <properties/>
  <testcase name="RESERVED 취소 → 점유 0, 기간 이력 유지, holdToken 비움" classname="com.sido.backend.reservation.service.ReservationLifecycleIntegrationTest" time="0.207"/>
  <testcase name="confirm → 저장된 원래 기간으로 정확히 점유 투영, 체크아웃일 미포함, 커밋 후 hold 제거" classname="com.sido.backend.reservation.service.ReservationLifecycleIntegrationTest" time="0.165"/>
  <testcase name="confirm 요청 계약 — startDate/endDate 없이 personCnt·isFarm만 노출" classname="com.sido.backend.reservation.service.ReservationLifecycleIntegrationTest" time="0.072"/>
  <testcase name="만료된 이전 예약 정리 → 같은 날짜를 재선점한 새 토큰 hold는 삭제하지 않음" classname="com.sido.backend.reservation.service.ReservationLifecycleIntegrationTest" time="0.245"/>
  <testcase name="create → 공통 deadline·상태별 holdToken·hold 값이 토큰과 일치" classname="com.sido.backend.reservation.service.ReservationLifecycleIntegrationTest" time="0.12"/>
  <testcase name="confirm deadline 경과 → 410, 점유 0, 상태 PENDING 유지" classname="com.sido.backend.reservation.service.ReservationLifecycleIntegrationTest" time="0.153"/>
  <system-out><![CDATA[2026-09-13T19:00:12.910+09:00  INFO 949696 --- [backend] [    Test worker] t.c.s.AnnotationConfigContextLoaderUtils : Could not detect default configuration classes for test class [com.sido.backend.reservation.service.ReservationLifecycleIntegrationTest]: ReservationLifecycleIntegrationTest does not declare any static, non-private, non-final, nested classes annotated with @Configuration.
2026-09-13T19:00:12.916+09:00  INFO 949696 --- [backend] [    Test worker] .b.t.c.SpringBootTestContextBootstrapper : Found @SpringBootConfiguration com.sido.backend.BackendApplication for test class com.sido.backend.reservation.service.ReservationLifecycleIntegrationTest
Hibernate: 
    insert 
    into
        Member
        (loginId, name, password, phone, role, memberType) 
    values
        (?, ?, ?, ?, ?, 'USER')
Hibernate: 
    insert 
    into
        Stay
        (address, areaSize, capacity, description, detailAddress, isActive, isHomestay, title) 
    values
        (?, ?, ?, ?, ?, ?, ?, ?)
Hibernate: 
    insert 
    into
        StayImage
        (s3Key, stay) 
    values
        (?, ?)
Hibernate: 
    insert 
    into
        StayAvailDate
        (availableDate, stay) 
    values
        (?, ?)
Hibernate: 
    insert 
    into
        StayAvailDate
        (availableDate, stay) 
    values
        (?, ?)
Hibernate: 
    select
        s1_0.id,
        s1_0.address,
        s1_0.areaSize,
        s1_0.capacity,
        s1_0.createdAt,
        s1_0.description,
        s1_0.detailAddress,
        h1_0.id,
        h1_0.loginId,
        h1_0.name,
        h1_0.password,
        h1_0.phone,
        h1_0.role,
        h1_0.region,
        h1_0.stayCount,
        h1_0.villageName,
        s1_0.hostName,
        s1_0.hostPhone,
        s1_0.isActive,
        s1_0.isHomestay,
        s1_0.title,
        s1_0.updatedAt 
    from
        Stay s1_0 
    left join
        (select
            * 
        from
            Member t 
        where
            t.memberType='ADMIN') h1_0 
            on h1_0.id=s1_0.host 
    where
        s1_0.id=?
Hibernate: 
    select
        m1_0.id,
        m1_0.memberType,
        m1_0.loginId,
        m1_0.name,
        m1_0.password,
        m1_0.phone,
        m1_0.role,
        m1_0.region,
        m1_0.stayCount,
        m1_0.villageName 
    from
        Member m1_0 
    where
        m1_0.id=?
Hibernate: 
    select
        count(sad1_0.id) 
    from
        StayAvailDate sad1_0 
    where
        sad1_0.stay=? 
        and sad1_0.availableDate>=? 
        and sad1_0.availableDate<? 
        and not exists(select
            1 
        from
            ReservationDay rd1_0 
        where
            rd1_0.stay=sad1_0.stay 
            and rd1_0.date=sad1_0.availableDate)
Hibernate: 
    insert 
    into
        Reservation
        (endDate, holdToken, isFarm, member, pendingExpiresAt, personCnt, reservedAt, resrvStatus, startDate, stay, visitStatus) 
    values
        (?, ?, ?, ?, ?, ?, ?, ?, ?, ?, ?)
Hibernate: 
    select
        i1_0.stay,
        i1_0.id,
        i1_0.createdAt,
        i1_0.s3Key,
        i1_0.updatedAt 
    from
        StayImage i1_0 
    where
        i1_0.stay=?
2026-09-13T19:00:13.001+09:00  INFO 949696 --- [backend] [    Test worker] c.s.b.r.service.ReservationServiceImpl   : 예약 확정 프로세스 시작: reservationId=33
Hibernate: 
    select
        r1_0.id,
        r1_0.createdAt,
        r1_0.endDate,
        r1_0.holdToken,
        r1_0.isFarm,
        r1_0.member,
        r1_0.pendingExpiresAt,
        r1_0.personCnt,
        r1_0.reservedAt,
        r1_0.resrvStatus,
        r1_0.startDate,
        r1_0.stay,
        r1_0.updatedAt,
        r1_0.visitStatus 
    from
        Reservation r1_0 
    where
        r1_0.id=? for update
Hibernate: 
    select
        m1_0.id,
        m1_0.memberType,
        m1_0.loginId,
        m1_0.name,
        m1_0.password,
        m1_0.phone,
        m1_0.role,
        m1_0.region,
        m1_0.stayCount,
        m1_0.villageName 
    from
        Member m1_0 
    where
        m1_0.id=?
Hibernate: 
    select
        s1_0.id,
        s1_0.address,
        s1_0.areaSize,
        s1_0.capacity,
        s1_0.createdAt,
        s1_0.description,
        s1_0.detailAddress,
        h1_0.id,
        h1_0.loginId,
        h1_0.name,
        h1_0.password,
        h1_0.phone,
        h1_0.role,
        h1_0.region,
        h1_0.stayCount,
        h1_0.villageName,
        s1_0.hostName,
        s1_0.hostPhone,
        s1_0.isActive,
        s1_0.isHomestay,
        s1_0.title,
        s1_0.updatedAt 
    from
        Stay s1_0 
    left join
        (select
            * 
        from
            Member t 
        where
            t.memberType='ADMIN') h1_0 
            on h1_0.id=s1_0.host 
    where
        s1_0.id=?
Hibernate: 
    select
        s1_0.id,
        s1_0.address,
        s1_0.areaSize,
        s1_0.capacity,
        s1_0.createdAt,
        s1_0.description,
        s1_0.detailAddress,
        h1_0.id,
        h1_0.loginId,
        h1_0.name,
        h1_0.password,
        h1_0.phone,
        h1_0.role,
        h1_0.region,
        h1_0.stayCount,
        h1_0.villageName,
        s1_0.hostName,
        s1_0.hostPhone,
        s1_0.isActive,
        s1_0.isHomestay,
        s1_0.title,
        s1_0.updatedAt,
        i1_0.stay,
        i1_0.id,
        i1_0.createdAt,
        i1_0.s3Key,
        i1_0.updatedAt 
    from
        Stay s1_0 
    left join
        (select
            * 
        from
            Member t 
        where
            t.memberType='ADMIN') h1_0 
            on h1_0.id=s1_0.host 
    left join
        StayImage i1_0 
            on s1_0.id=i1_0.stay 
    where
        s1_0.id=? for update
Hibernate: 
    select
        sad1_0.id,
        sad1_0.availableDate,
        sad1_0.stay 
    from
        StayAvailDate sad1_0 
    where
        sad1_0.stay=? 
        and sad1_0.availableDate>=? 
        and sad1_0.availableDate<? 
    order by
        sad1_0.availableDate for update
Hibernate: 
    select
        rd1_0.id,
        rd1_0.date,
        rd1_0.reservation,
        rd1_0.stay 
    from
        ReservationDay rd1_0 
    where
        rd1_0.stay=? 
        and rd1_0.date>=? 
        and rd1_0.date<? for update
Hibernate: 
    insert 
    into
        ReservationDay
        (date, reservation, stay) 
    values
        (?, ?, ?)
Hibernate: 
    insert 
    into
        ReservationDay
        (date, reservation, stay) 
    values
        (?, ?, ?)
2026-09-13T19:00:13.024+09:00  INFO 949696 --- [backend] [    Test worker] c.s.b.r.service.ReservationServiceImpl   : 예약이 성공적으로 확정되었습니다: reservationId=33
2026-09-13T19:00:13.024+09:00  INFO 949696 --- [backend] [    Test worker] c.s.b.r.service.ReservationServiceImpl   : 관리자 알림 전송 로직 시작
2026-09-13T19:00:13.024+09:00  INFO 949696 --- [backend] [    Test worker] c.s.b.r.service.ReservationServiceImpl   : Stay 객체 확인: stayId=58
2026-09-13T19:00:13.024+09:00  WARN 949696 --- [backend] [    Test worker] c.s.b.r.service.ReservationServiceImpl   : HostMember(관리자)가 존재하지 않습니다. stayId=58
2026-09-13T19:00:13.026+09:00  WARN 949696 --- [backend] [    Test worker] o.h.p.entity.AbstractEntityPersister     : HHH000502: The [updatedAt] property of the [com.sido.backend.reservation.entity.Reservation] entity was modified, but it won't be updated because the property is immutable.
Hibernate: 
    update
        Reservation 
    set
        endDate=?,
        holdToken=?,
        isFarm=?,
        member=?,
        pendingExpiresAt=?,
        personCnt=?,
        reservedAt=?,
        resrvStatus=?,
        startDate=?,
        stay=?,
        visitStatus=? 
    where
        id=?
Hibernate: 
    select
        r1_0.id,
        r1_0.createdAt,
        r1_0.endDate,
        r1_0.holdToken,
        r1_0.isFarm,
        r1_0.member,
        r1_0.pendingExpiresAt,
        r1_0.personCnt,
        r1_0.reservedAt,
        r1_0.resrvStatus,
        r1_0.startDate,
        r1_0.stay,
        r1_0.updatedAt,
        r1_0.visitStatus 
    from
        Reservation r1_0 
    where
        r1_0.id=? for update
Hibernate: 
    select
        m1_0.id,
        m1_0.memberType,
        m1_0.loginId,
        m1_0.name,
        m1_0.password,
        m1_0.phone,
        m1_0.role,
        m1_0.region,
        m1_0.stayCount,
        m1_0.villageName 
    from
        Member m1_0 
    where
        m1_0.id=?
Hibernate: 
    select
        s1_0.id,
        s1_0.address,
        s1_0.areaSize,
        s1_0.capacity,
        s1_0.createdAt,
        s1_0.description,
        s1_0.detailAddress,
        h1_0.id,
        h1_0.loginId,
        h1_0.name,
        h1_0.password,
        h1_0.phone,
        h1_0.role,
        h1_0.region,
        h1_0.stayCount,
        h1_0.villageName,
        s1_0.hostName,
        s1_0.hostPhone,
        s1_0.isActive,
        s1_0.isHomestay,
        s1_0.title,
        s1_0.updatedAt 
    from
        Stay s1_0 
    left join
        (select
            * 
        from
            Member t 
        where
            t.memberType='ADMIN') h1_0 
            on h1_0.id=s1_0.host 
    where
        s1_0.id=?
2026-09-13T19:00:13.064+09:00  WARN 949696 --- [backend] [    Test worker] o.h.p.entity.AbstractEntityPersister     : HHH000502: The [updatedAt] property of the [com.sido.backend.reservation.entity.Reservation] entity was modified, but it won't be updated because the property is immutable.
Hibernate: 
    update
        Reservation 
    set
        endDate=?,
        holdToken=?,
        isFarm=?,
        member=?,
        pendingExpiresAt=?,
        personCnt=?,
        reservedAt=?,
        resrvStatus=?,
        startDate=?,
        stay=?,
        visitStatus=? 
    where
        id=?
Hibernate: 
    select
        rd1_0.id,
        rd1_0.date,
        rd1_0.reservation,
        rd1_0.stay 
    from
        ReservationDay rd1_0 
    left join
        Reservation r1_0 
            on r1_0.id=rd1_0.reservation 
    where
        r1_0.id=?
Hibernate: 
    delete 
    from
        ReservationDay 
    where
        id=?
Hibernate: 
    delete 
    from
        ReservationDay 
    where
        id=?
Hibernate: 
    select
        r1_0.id,
        r1_0.createdAt,
        r1_0.endDate,
        r1_0.holdToken,
        r1_0.isFarm,
        m1_0.id,
        m1_0.memberType,
        m1_0.loginId,
        m1_0.name,
        m1_0.password,
        m1_0.phone,
        m1_0.role,
        m1_0.region,
        m1_0.stayCount,
        m1_0.villageName,
        r1_0.pendingExpiresAt,
        r1_0.personCnt,
        r1_0.reservedAt,
        r1_0.resrvStatus,
        r1_0.startDate,
        s1_0.id,
        s1_0.address,
        s1_0.areaSize,
        s1_0.capacity,
        s1_0.createdAt,
        s1_0.description,
        s1_0.detailAddress,
        h1_0.id,
        h1_0.loginId,
        h1_0.name,
        h1_0.password,
        h1_0.phone,
        h1_0.role,
        h1_0.region,
        h1_0.stayCount,
        h1_0.villageName,
        s1_0.hostName,
        s1_0.hostPhone,
        s1_0.isActive,
        s1_0.isHomestay,
        s1_0.title,
        s1_0.updatedAt,
        r1_0.updatedAt,
        r1_0.visitStatus 
    from
        Reservation r1_0 
    left join
        Member m1_0 
            on m1_0.id=r1_0.member 
    left join
        Stay s1_0 
            on s1_0.id=r1_0.stay 
    left join
        (select
            * 
        from
            Member t 
        where
            t.memberType='ADMIN') h1_0 
            on h1_0.id=s1_0.host 
    where
        r1_0.id=?
Hibernate: 
    select
        rd1_0.date 
    from
        ReservationDay rd1_0 
    where
        rd1_0.stay=? 
    order by
        rd1_0.date
Hibernate: 
    insert 
    into
        Member
        (loginId, name, password, phone, role, memberType) 
    values
        (?, ?, ?, ?, ?, 'USER')
Hibernate: 
    insert 
    into
        Stay
        (address, areaSize, capacity, description, detailAddress, isActive, isHomestay, title) 
    values
        (?, ?, ?, ?, ?, ?, ?, ?)
Hibernate: 
    insert 
    into
        StayImage
        (s3Key, stay) 
    values
        (?, ?)
Hibernate: 
    insert 
    into
        StayAvailDate
        (availableDate, stay) 
    values
        (?, ?)
Hibernate: 
    insert 
    into
        StayAvailDate
        (availableDate, stay) 
    values
        (?, ?)
Hibernate: 
    select
        s1_0.id,
        s1_0.address,
        s1_0.areaSize,
        s1_0.capacity,
        s1_0.createdAt,
        s1_0.description,
        s1_0.detailAddress,
        h1_0.id,
        h1_0.loginId,
        h1_0.name,
        h1_0.password,
        h1_0.phone,
        h1_0.role,
        h1_0.region,
        h1_0.stayCount,
        h1_0.villageName,
        s1_0.hostName,
        s1_0.hostPhone,
        s1_0.isActive,
        s1_0.isHomestay,
        s1_0.title,
        s1_0.updatedAt 
    from
        Stay s1_0 
    left join
        (select
            * 
        from
            Member t 
        where
            t.memberType='ADMIN') h1_0 
            on h1_0.id=s1_0.host 
    where
        s1_0.id=?
Hibernate: 
    select
        m1_0.id,
        m1_0.memberType,
        m1_0.loginId,
        m1_0.name,
        m1_0.password,
        m1_0.phone,
        m1_0.role,
        m1_0.region,
        m1_0.stayCount,
        m1_0.villageName 
    from
        Member m1_0 
    where
        m1_0.id=?
Hibernate: 
    select
        count(sad1_0.id) 
    from
        StayAvailDate sad1_0 
    where
        sad1_0.stay=? 
        and sad1_0.availableDate>=? 
        and sad1_0.availableDate<? 
        and not exists(select
            1 
        from
            ReservationDay rd1_0 
        where
            rd1_0.stay=sad1_0.stay 
            and rd1_0.date=sad1_0.availableDate)
Hibernate: 
    insert 
    into
        Reservation
        (endDate, holdToken, isFarm, member, pendingExpiresAt, personCnt, reservedAt, resrvStatus, startDate, stay, visitStatus) 
    values
        (?, ?, ?, ?, ?, ?, ?, ?, ?, ?, ?)
Hibernate: 
    select
        i1_0.stay,
        i1_0.id,
        i1_0.createdAt,
        i1_0.s3Key,
        i1_0.updatedAt 
    from
        StayImage i1_0 
    where
        i1_0.stay=?
2026-09-13T19:00:13.217+09:00  INFO 949696 --- [backend] [    Test worker] c.s.b.r.service.ReservationServiceImpl   : 예약 확정 프로세스 시작: reservationId=34
Hibernate: 
    select
        r1_0.id,
        r1_0.createdAt,
        r1_0.endDate,
        r1_0.holdToken,
        r1_0.isFarm,
        r1_0.member,
        r1_0.pendingExpiresAt,
        r1_0.personCnt,
        r1_0.reservedAt,
        r1_0.resrvStatus,
        r1_0.startDate,
        r1_0.stay,
        r1_0.updatedAt,
        r1_0.visitStatus 
    from
        Reservation r1_0 
    where
        r1_0.id=? for update
Hibernate: 
    select
        m1_0.id,
        m1_0.memberType,
        m1_0.loginId,
        m1_0.name,
        m1_0.password,
        m1_0.phone,
        m1_0.role,
        m1_0.region,
        m1_0.stayCount,
        m1_0.villageName 
    from
        Member m1_0 
    where
        m1_0.id=?
Hibernate: 
    select
        s1_0.id,
        s1_0.address,
        s1_0.areaSize,
        s1_0.capacity,
        s1_0.createdAt,
        s1_0.description,
        s1_0.detailAddress,
        h1_0.id,
        h1_0.loginId,
        h1_0.name,
        h1_0.password,
        h1_0.phone,
        h1_0.role,
        h1_0.region,
        h1_0.stayCount,
        h1_0.villageName,
        s1_0.hostName,
        s1_0.hostPhone,
        s1_0.isActive,
        s1_0.isHomestay,
        s1_0.title,
        s1_0.updatedAt 
    from
        Stay s1_0 
    left join
        (select
            * 
        from
            Member t 
        where
            t.memberType='ADMIN') h1_0 
            on h1_0.id=s1_0.host 
    where
        s1_0.id=?
Hibernate: 
    select
        s1_0.id,
        s1_0.address,
        s1_0.areaSize,
        s1_0.capacity,
        s1_0.createdAt,
        s1_0.description,
        s1_0.detailAddress,
        h1_0.id,
        h1_0.loginId,
        h1_0.name,
        h1_0.password,
        h1_0.phone,
        h1_0.role,
        h1_0.region,
        h1_0.stayCount,
        h1_0.villageName,
        s1_0.hostName,
        s1_0.hostPhone,
        s1_0.isActive,
        s1_0.isHomestay,
        s1_0.title,
        s1_0.updatedAt,
        i1_0.stay,
        i1_0.id,
        i1_0.createdAt,
        i1_0.s3Key,
        i1_0.updatedAt 
    from
        Stay s1_0 
    left join
        (select
            * 
        from
            Member t 
        where
            t.memberType='ADMIN') h1_0 
            on h1_0.id=s1_0.host 
    left join
        StayImage i1_0 
            on s1_0.id=i1_0.stay 
    where
        s1_0.id=? for update
Hibernate: 
    select
        sad1_0.id,
        sad1_0.availableDate,
        sad1_0.stay 
    from
        StayAvailDate sad1_0 
    where
        sad1_0.stay=? 
        and sad1_0.availableDate>=? 
        and sad1_0.availableDate<? 
    order by
        sad1_0.availableDate for update
Hibernate: 
    select
        rd1_0.id,
        rd1_0.date,
        rd1_0.reservation,
        rd1_0.stay 
    from
        ReservationDay rd1_0 
    where
        rd1_0.stay=? 
        and rd1_0.date>=? 
        and rd1_0.date<? for update
Hibernate: 
    insert 
    into
        ReservationDay
        (date, reservation, stay) 
    values
        (?, ?, ?)
Hibernate: 
    insert 
    into
        ReservationDay
        (date, reservation, stay) 
    values
        (?, ?, ?)
2026-09-13T19:00:13.238+09:00  INFO 949696 --- [backend] [    Test worker] c.s.b.r.service.ReservationServiceImpl   : 예약이 성공적으로 확정되었습니다: reservationId=34
2026-09-13T19:00:13.238+09:00  INFO 949696 --- [backend] [    Test worker] c.s.b.r.service.ReservationServiceImpl   : 관리자 알림 전송 로직 시작
2026-09-13T19:00:13.238+09:00  INFO 949696 --- [backend] [    Test worker] c.s.b.r.service.ReservationServiceImpl   : Stay 객체 확인: stayId=59
2026-09-13T19:00:13.238+09:00  WARN 949696 --- [backend] [    Test worker] c.s.b.r.service.ReservationServiceImpl   : HostMember(관리자)가 존재하지 않습니다. stayId=59
2026-09-13T19:00:13.240+09:00  WARN 949696 --- [backend] [    Test worker] o.h.p.entity.AbstractEntityPersister     : HHH000502: The [updatedAt] property of the [com.sido.backend.reservation.entity.Reservation] entity was modified, but it won't be updated because the property is immutable.
Hibernate: 
    update
        Reservation 
    set
        endDate=?,
        holdToken=?,
        isFarm=?,
        member=?,
        pendingExpiresAt=?,
        personCnt=?,
        reservedAt=?,
        resrvStatus=?,
        startDate=?,
        stay=?,
        visitStatus=? 
    where
        id=?
Hibernate: 
    select
        r1_0.id,
        r1_0.createdAt,
        r1_0.endDate,
        r1_0.holdToken,
        r1_0.isFarm,
        m1_0.id,
        m1_0.memberType,
        m1_0.loginId,
        m1_0.name,
        m1_0.password,
        m1_0.phone,
        m1_0.role,
        m1_0.region,
        m1_0.stayCount,
        m1_0.villageName,
        r1_0.pendingExpiresAt,
        r1_0.personCnt,
        r1_0.reservedAt,
        r1_0.resrvStatus,
        r1_0.startDate,
        s1_0.id,
        s1_0.address,
        s1_0.areaSize,
        s1_0.capacity,
        s1_0.createdAt,
        s1_0.description,
        s1_0.detailAddress,
        h1_0.id,
        h1_0.loginId,
        h1_0.name,
        h1_0.password,
        h1_0.phone,
        h1_0.role,
        h1_0.region,
        h1_0.stayCount,
        h1_0.villageName,
        s1_0.hostName,
        s1_0.hostPhone,
        s1_0.isActive,
        s1_0.isHomestay,
        s1_0.title,
        s1_0.updatedAt,
        r1_0.updatedAt,
        r1_0.visitStatus 
    from
        Reservation r1_0 
    left join
        Member m1_0 
            on m1_0.id=r1_0.member 
    left join
        Stay s1_0 
            on s1_0.id=r1_0.stay 
    left join
        (select
            * 
        from
            Member t 
        where
            t.memberType='ADMIN') h1_0 
            on h1_0.id=s1_0.host 
    where
        r1_0.id=?
Hibernate: 
    select
        rd1_0.date 
    from
        ReservationDay rd1_0 
    where
        rd1_0.stay=? 
    order by
        rd1_0.date
Hibernate: 
    select
        rd1_0.date 
    from
        ReservationDay rd1_0 
    where
        rd1_0.stay=? 
    order by
        rd1_0.date
Hibernate: 
    insert 
    into
        Member
        (loginId, name, password, phone, role, memberType) 
    values
        (?, ?, ?, ?, ?, 'USER')
Hibernate: 
    insert 
    into
        Stay
        (address, areaSize, capacity, description, detailAddress, isActive, isHomestay, title) 
    values
        (?, ?, ?, ?, ?, ?, ?, ?)
Hibernate: 
    insert 
    into
        StayImage
        (s3Key, stay) 
    values
        (?, ?)
Hibernate: 
    insert 
    into
        StayAvailDate
        (availableDate, stay) 
    values
        (?, ?)
Hibernate: 
    insert 
    into
        StayAvailDate
        (availableDate, stay) 
    values
        (?, ?)
Hibernate: 
    insert 
    into
        Member
        (loginId, name, password, phone, role, memberType) 
    values
        (?, ?, ?, ?, ?, 'USER')
Hibernate: 
    insert 
    into
        Stay
        (address, areaSize, capacity, description, detailAddress, isActive, isHomestay, title) 
    values
        (?, ?, ?, ?, ?, ?, ?, ?)
Hibernate: 
    insert 
    into
        StayImage
        (s3Key, stay) 
    values
        (?, ?)
Hibernate: 
    insert 
    into
        StayAvailDate
        (availableDate, stay) 
    values
        (?, ?)
Hibernate: 
    insert 
    into
        StayAvailDate
        (availableDate, stay) 
    values
        (?, ?)
Hibernate: 
    select
        s1_0.id,
        s1_0.address,
        s1_0.areaSize,
        s1_0.capacity,
        s1_0.createdAt,
        s1_0.description,
        s1_0.detailAddress,
        h1_0.id,
        h1_0.loginId,
        h1_0.name,
        h1_0.password,
        h1_0.phone,
        h1_0.role,
        h1_0.region,
        h1_0.stayCount,
        h1_0.villageName,
        s1_0.hostName,
        s1_0.hostPhone,
        s1_0.isActive,
        s1_0.isHomestay,
        s1_0.title,
        s1_0.updatedAt 
    from
        Stay s1_0 
    left join
        (select
            * 
        from
            Member t 
        where
            t.memberType='ADMIN') h1_0 
            on h1_0.id=s1_0.host 
    where
        s1_0.id=?
Hibernate: 
    select
        m1_0.id,
        m1_0.memberType,
        m1_0.loginId,
        m1_0.name,
        m1_0.password,
        m1_0.phone,
        m1_0.role,
        m1_0.region,
        m1_0.stayCount,
        m1_0.villageName 
    from
        Member m1_0 
    where
        m1_0.id=?
Hibernate: 
    select
        count(sad1_0.id) 
    from
        StayAvailDate sad1_0 
    where
        sad1_0.stay=? 
        and sad1_0.availableDate>=? 
        and sad1_0.availableDate<? 
        and not exists(select
            1 
        from
            ReservationDay rd1_0 
        where
            rd1_0.stay=sad1_0.stay 
            and rd1_0.date=sad1_0.availableDate)
Hibernate: 
    insert 
    into
        Reservation
        (endDate, holdToken, isFarm, member, pendingExpiresAt, personCnt, reservedAt, resrvStatus, startDate, stay, visitStatus) 
    values
        (?, ?, ?, ?, ?, ?, ?, ?, ?, ?, ?)
Hibernate: 
    select
        i1_0.stay,
        i1_0.id,
        i1_0.createdAt,
        i1_0.s3Key,
        i1_0.updatedAt 
    from
        StayImage i1_0 
    where
        i1_0.stay=?
Hibernate: 
    select
        r1_0.id,
        r1_0.createdAt,
        r1_0.endDate,
        r1_0.holdToken,
        r1_0.isFarm,
        m1_0.id,
        m1_0.memberType,
        m1_0.loginId,
        m1_0.name,
        m1_0.password,
        m1_0.phone,
        m1_0.role,
        m1_0.region,
        m1_0.stayCount,
        m1_0.villageName,
        r1_0.pendingExpiresAt,
        r1_0.personCnt,
        r1_0.reservedAt,
        r1_0.resrvStatus,
        r1_0.startDate,
        s1_0.id,
        s1_0.address,
        s1_0.areaSize,
        s1_0.capacity,
        s1_0.createdAt,
        s1_0.description,
        s1_0.detailAddress,
        h1_0.id,
        h1_0.loginId,
        h1_0.name,
        h1_0.password,
        h1_0.phone,
        h1_0.role,
        h1_0.region,
        h1_0.stayCount,
        h1_0.villageName,
        s1_0.hostName,
        s1_0.hostPhone,
        s1_0.isActive,
        s1_0.isHomestay,
        s1_0.title,
        s1_0.updatedAt,
        r1_0.updatedAt,
        r1_0.visitStatus 
    from
        Reservation r1_0 
    left join
        Member m1_0 
            on m1_0.id=r1_0.member 
    left join
        Stay s1_0 
            on s1_0.id=r1_0.stay 
    left join
        (select
            * 
        from
            Member t 
        where
            t.memberType='ADMIN') h1_0 
            on h1_0.id=s1_0.host 
    where
        r1_0.id=?
Hibernate: 
    select
        r1_0.id,
        r1_0.createdAt,
        r1_0.endDate,
        r1_0.holdToken,
        r1_0.isFarm,
        m1_0.id,
        m1_0.memberType,
        m1_0.loginId,
        m1_0.name,
        m1_0.password,
        m1_0.phone,
        m1_0.role,
        m1_0.region,
        m1_0.stayCount,
        m1_0.villageName,
        r1_0.pendingExpiresAt,
        r1_0.personCnt,
        r1_0.reservedAt,
        r1_0.resrvStatus,
        r1_0.startDate,
        s1_0.id,
        s1_0.address,
        s1_0.areaSize,
        s1_0.capacity,
        s1_0.createdAt,
        s1_0.description,
        s1_0.detailAddress,
        h1_0.id,
        h1_0.loginId,
        h1_0.name,
        h1_0.password,
        h1_0.phone,
        h1_0.role,
        h1_0.region,
        h1_0.stayCount,
        h1_0.villageName,
        s1_0.hostName,
        s1_0.hostPhone,
        s1_0.isActive,
        s1_0.isHomestay,
        s1_0.title,
        s1_0.updatedAt,
        i1_0.stay,
        i1_0.id,
        i1_0.createdAt,
        i1_0.s3Key,
        i1_0.updatedAt,
        r1_0.updatedAt,
        r1_0.visitStatus 
    from
        Reservation r1_0 
    left join
        Member m1_0 
            on m1_0.id=r1_0.member 
    left join
        Stay s1_0 
            on s1_0.id=r1_0.stay 
    left join
        (select
            * 
        from
            Member t 
        where
            t.memberType='ADMIN') h1_0 
            on h1_0.id=s1_0.host 
    left join
        StayImage i1_0 
            on s1_0.id=i1_0.stay 
    where
        r1_0.id=?
2026-09-13T19:00:13.506+09:00  WARN 949696 --- [backend] [    Test worker] o.h.p.entity.AbstractEntityPersister     : HHH000502: The [updatedAt] property of the [com.sido.backend.reservation.entity.Reservation] entity was modified, but it won't be updated because the property is immutable.
Hibernate: 
    update
        Reservation 
    set
        endDate=?,
        holdToken=?,
        isFarm=?,
        member=?,
        pendingExpiresAt=?,
        personCnt=?,
        reservedAt=?,
        resrvStatus=?,
        startDate=?,
        stay=?,
        visitStatus=? 
    where
        id=?
Hibernate: 
    insert 
    into
        Member
        (loginId, name, password, phone, role, memberType) 
    values
        (?, ?, ?, ?, ?, 'USER')
Hibernate: 
    select
        s1_0.id,
        s1_0.address,
        s1_0.areaSize,
        s1_0.capacity,
        s1_0.createdAt,
        s1_0.description,
        s1_0.detailAddress,
        h1_0.id,
        h1_0.loginId,
        h1_0.name,
        h1_0.password,
        h1_0.phone,
        h1_0.role,
        h1_0.region,
        h1_0.stayCount,
        h1_0.villageName,
        s1_0.hostName,
        s1_0.hostPhone,
        s1_0.isActive,
        s1_0.isHomestay,
        s1_0.title,
        s1_0.updatedAt 
    from
        Stay s1_0 
    left join
        (select
            * 
        from
            Member t 
        where
            t.memberType='ADMIN') h1_0 
            on h1_0.id=s1_0.host 
    where
        s1_0.id=?
Hibernate: 
    select
        m1_0.id,
        m1_0.memberType,
        m1_0.loginId,
        m1_0.name,
        m1_0.password,
        m1_0.phone,
        m1_0.role,
        m1_0.region,
        m1_0.stayCount,
        m1_0.villageName 
    from
        Member m1_0 
    where
        m1_0.id=?
Hibernate: 
    select
        count(sad1_0.id) 
    from
        StayAvailDate sad1_0 
    where
        sad1_0.stay=? 
        and sad1_0.availableDate>=? 
        and sad1_0.availableDate<? 
        and not exists(select
            1 
        from
            ReservationDay rd1_0 
        where
            rd1_0.stay=sad1_0.stay 
            and rd1_0.date=sad1_0.availableDate)
Hibernate: 
    insert 
    into
        Reservation
        (endDate, holdToken, isFarm, member, pendingExpiresAt, personCnt, reservedAt, resrvStatus, startDate, stay, visitStatus) 
    values
        (?, ?, ?, ?, ?, ?, ?, ?, ?, ?, ?)
Hibernate: 
    select
        i1_0.stay,
        i1_0.id,
        i1_0.createdAt,
        i1_0.s3Key,
        i1_0.updatedAt 
    from
        StayImage i1_0 
    where
        i1_0.stay=?
Hibernate: 
    select
        r1_0.id,
        r1_0.createdAt,
        r1_0.endDate,
        r1_0.holdToken,
        r1_0.isFarm,
        m1_0.id,
        m1_0.memberType,
        m1_0.loginId,
        m1_0.name,
        m1_0.password,
        m1_0.phone,
        m1_0.role,
        m1_0.region,
        m1_0.stayCount,
        m1_0.villageName,
        r1_0.pendingExpiresAt,
        r1_0.personCnt,
        r1_0.reservedAt,
        r1_0.resrvStatus,
        r1_0.startDate,
        s1_0.id,
        s1_0.address,
        s1_0.areaSize,
        s1_0.capacity,
        s1_0.createdAt,
        s1_0.description,
        s1_0.detailAddress,
        h1_0.id,
        h1_0.loginId,
        h1_0.name,
        h1_0.password,
        h1_0.phone,
        h1_0.role,
        h1_0.region,
        h1_0.stayCount,
        h1_0.villageName,
        s1_0.hostName,
        s1_0.hostPhone,
        s1_0.isActive,
        s1_0.isHomestay,
        s1_0.title,
        s1_0.updatedAt,
        r1_0.updatedAt,
        r1_0.visitStatus 
    from
        Reservation r1_0 
    left join
        Member m1_0 
            on m1_0.id=r1_0.member 
    left join
        Stay s1_0 
            on s1_0.id=r1_0.stay 
    left join
        (select
            * 
        from
            Member t 
        where
            t.memberType='ADMIN') h1_0 
            on h1_0.id=s1_0.host 
    where
        r1_0.id=?
Hibernate: 
    select
        r1_0.id,
        r1_0.createdAt,
        r1_0.endDate,
        r1_0.holdToken,
        r1_0.isFarm,
        r1_0.member,
        r1_0.pendingExpiresAt,
        r1_0.personCnt,
        r1_0.reservedAt,
        r1_0.resrvStatus,
        r1_0.startDate,
        r1_0.stay,
        r1_0.updatedAt,
        r1_0.visitStatus 
    from
        Reservation r1_0 
    where
        r1_0.id=? for update
Hibernate: 
    select
        m1_0.id,
        m1_0.memberType,
        m1_0.loginId,
        m1_0.name,
        m1_0.password,
        m1_0.phone,
        m1_0.role,
        m1_0.region,
        m1_0.stayCount,
        m1_0.villageName 
    from
        Member m1_0 
    where
        m1_0.id=?
Hibernate: 
    select
        s1_0.id,
        s1_0.address,
        s1_0.areaSize,
        s1_0.capacity,
        s1_0.createdAt,
        s1_0.description,
        s1_0.detailAddress,
        h1_0.id,
        h1_0.loginId,
        h1_0.name,
        h1_0.password,
        h1_0.phone,
        h1_0.role,
        h1_0.region,
        h1_0.stayCount,
        h1_0.villageName,
        s1_0.hostName,
        s1_0.hostPhone,
        s1_0.isActive,
        s1_0.isHomestay,
        s1_0.title,
        s1_0.updatedAt 
    from
        Stay s1_0 
    left join
        (select
            * 
        from
            Member t 
        where
            t.memberType='ADMIN') h1_0 
            on h1_0.id=s1_0.host 
    where
        s1_0.id=?
2026-09-13T19:00:13.573+09:00  INFO 949696 --- [backend] [    Test worker] c.s.b.r.s.PendingExpiryProcessor         : PENDING 만료로 예약 취소 처리: reservationId=35
2026-09-13T19:00:13.574+09:00  WARN 949696 --- [backend] [    Test worker] o.h.p.entity.AbstractEntityPersister     : HHH000502: The [updatedAt] property of the [com.sido.backend.reservation.entity.Reservation] entity was modified, but it won't be updated because the property is immutable.
Hibernate: 
    update
        Reservation 
    set
        endDate=?,
        holdToken=?,
        isFarm=?,
        member=?,
        pendingExpiresAt=?,
        personCnt=?,
        reservedAt=?,
        resrvStatus=?,
        startDate=?,
        stay=?,
        visitStatus=? 
    where
        id=?
Hibernate: 
    select
        r1_0.id,
        r1_0.createdAt,
        r1_0.endDate,
        r1_0.holdToken,
        r1_0.isFarm,
        m1_0.id,
        m1_0.memberType,
        m1_0.loginId,
        m1_0.name,
        m1_0.password,
        m1_0.phone,
        m1_0.role,
        m1_0.region,
        m1_0.stayCount,
        m1_0.villageName,
        r1_0.pendingExpiresAt,
        r1_0.personCnt,
        r1_0.reservedAt,
        r1_0.resrvStatus,
        r1_0.startDate,
        s1_0.id,
        s1_0.address,
        s1_0.areaSize,
        s1_0.capacity,
        s1_0.createdAt,
        s1_0.description,
        s1_0.detailAddress,
        h1_0.id,
        h1_0.loginId,
        h1_0.name,
        h1_0.password,
        h1_0.phone,
        h1_0.role,
        h1_0.region,
        h1_0.stayCount,
        h1_0.villageName,
        s1_0.hostName,
        s1_0.hostPhone,
        s1_0.isActive,
        s1_0.isHomestay,
        s1_0.title,
        s1_0.updatedAt,
        r1_0.updatedAt,
        r1_0.visitStatus 
    from
        Reservation r1_0 
    left join
        Member m1_0 
            on m1_0.id=r1_0.member 
    left join
        Stay s1_0 
            on s1_0.id=r1_0.stay 
    left join
        (select
            * 
        from
            Member t 
        where
            t.memberType='ADMIN') h1_0 
            on h1_0.id=s1_0.host 
    where
        r1_0.id=?
Hibernate: 
    select
        r1_0.id,
        r1_0.createdAt,
        r1_0.endDate,
        r1_0.holdToken,
        r1_0.isFarm,
        m1_0.id,
        m1_0.memberType,
        m1_0.loginId,
        m1_0.name,
        m1_0.password,
        m1_0.phone,
        m1_0.role,
        m1_0.region,
        m1_0.stayCount,
        m1_0.villageName,
        r1_0.pendingExpiresAt,
        r1_0.personCnt,
        r1_0.reservedAt,
        r1_0.resrvStatus,
        r1_0.startDate,
        s1_0.id,
        s1_0.address,
        s1_0.areaSize,
        s1_0.capacity,
        s1_0.createdAt,
        s1_0.description,
        s1_0.detailAddress,
        h1_0.id,
        h1_0.loginId,
        h1_0.name,
        h1_0.password,
        h1_0.phone,
        h1_0.role,
        h1_0.region,
        h1_0.stayCount,
        h1_0.villageName,
        s1_0.hostName,
        s1_0.hostPhone,
        s1_0.isActive,
        s1_0.isHomestay,
        s1_0.title,
        s1_0.updatedAt,
        r1_0.updatedAt,
        r1_0.visitStatus 
    from
        Reservation r1_0 
    left join
        Member m1_0 
            on m1_0.id=r1_0.member 
    left join
        Stay s1_0 
            on s1_0.id=r1_0.stay 
    left join
        (select
            * 
        from
            Member t 
        where
            t.memberType='ADMIN') h1_0 
            on h1_0.id=s1_0.host 
    where
        r1_0.id=?
Hibernate: 
    insert 
    into
        Member
        (loginId, name, password, phone, role, memberType) 
    values
        (?, ?, ?, ?, ?, 'USER')
Hibernate: 
    insert 
    into
        Stay
        (address, areaSize, capacity, description, detailAddress, isActive, isHomestay, title) 
    values
        (?, ?, ?, ?, ?, ?, ?, ?)
Hibernate: 
    insert 
    into
        StayImage
        (s3Key, stay) 
    values
        (?, ?)
Hibernate: 
    insert 
    into
        StayAvailDate
        (availableDate, stay) 
    values
        (?, ?)
Hibernate: 
    insert 
    into
        StayAvailDate
        (availableDate, stay) 
    values
        (?, ?)
Hibernate: 
    select
        s1_0.id,
        s1_0.address,
        s1_0.areaSize,
        s1_0.capacity,
        s1_0.createdAt,
        s1_0.description,
        s1_0.detailAddress,
        h1_0.id,
        h1_0.loginId,
        h1_0.name,
        h1_0.password,
        h1_0.phone,
        h1_0.role,
        h1_0.region,
        h1_0.stayCount,
        h1_0.villageName,
        s1_0.hostName,
        s1_0.hostPhone,
        s1_0.isActive,
        s1_0.isHomestay,
        s1_0.title,
        s1_0.updatedAt 
    from
        Stay s1_0 
    left join
        (select
            * 
        from
            Member t 
        where
            t.memberType='ADMIN') h1_0 
            on h1_0.id=s1_0.host 
    where
        s1_0.id=?
Hibernate: 
    select
        m1_0.id,
        m1_0.memberType,
        m1_0.loginId,
        m1_0.name,
        m1_0.password,
        m1_0.phone,
        m1_0.role,
        m1_0.region,
        m1_0.stayCount,
        m1_0.villageName 
    from
        Member m1_0 
    where
        m1_0.id=?
Hibernate: 
    select
        count(sad1_0.id) 
    from
        StayAvailDate sad1_0 
    where
        sad1_0.stay=? 
        and sad1_0.availableDate>=? 
        and sad1_0.availableDate<? 
        and not exists(select
            1 
        from
            ReservationDay rd1_0 
        where
            rd1_0.stay=sad1_0.stay 
            and rd1_0.date=sad1_0.availableDate)
Hibernate: 
    insert 
    into
        Reservation
        (endDate, holdToken, isFarm, member, pendingExpiresAt, personCnt, reservedAt, resrvStatus, startDate, stay, visitStatus) 
    values
        (?, ?, ?, ?, ?, ?, ?, ?, ?, ?, ?)
Hibernate: 
    select
        i1_0.stay,
        i1_0.id,
        i1_0.createdAt,
        i1_0.s3Key,
        i1_0.updatedAt 
    from
        StayImage i1_0 
    where
        i1_0.stay=?
Hibernate: 
    select
        r1_0.id,
        r1_0.createdAt,
        r1_0.endDate,
        r1_0.holdToken,
        r1_0.isFarm,
        m1_0.id,
        m1_0.memberType,
        m1_0.loginId,
        m1_0.name,
        m1_0.password,
        m1_0.phone,
        m1_0.role,
        m1_0.region,
        m1_0.stayCount,
        m1_0.villageName,
        r1_0.pendingExpiresAt,
        r1_0.personCnt,
        r1_0.reservedAt,
        r1_0.resrvStatus,
        r1_0.startDate,
        s1_0.id,
        s1_0.address,
        s1_0.areaSize,
        s1_0.capacity,
        s1_0.createdAt,
        s1_0.description,
        s1_0.detailAddress,
        h1_0.id,
        h1_0.loginId,
        h1_0.name,
        h1_0.password,
        h1_0.phone,
        h1_0.role,
        h1_0.region,
        h1_0.stayCount,
        h1_0.villageName,
        s1_0.hostName,
        s1_0.hostPhone,
        s1_0.isActive,
        s1_0.isHomestay,
        s1_0.title,
        s1_0.updatedAt,
        r1_0.updatedAt,
        r1_0.visitStatus 
    from
        Reservation r1_0 
    left join
        Member m1_0 
            on m1_0.id=r1_0.member 
    left join
        Stay s1_0 
            on s1_0.id=r1_0.stay 
    left join
        (select
            * 
        from
            Member t 
        where
            t.memberType='ADMIN') h1_0 
            on h1_0.id=s1_0.host 
    where
        r1_0.id=?
Hibernate: 
    insert 
    into
        Member
        (loginId, name, password, phone, role, memberType) 
    values
        (?, ?, ?, ?, ?, 'USER')
Hibernate: 
    insert 
    into
        Stay
        (address, areaSize, capacity, description, detailAddress, isActive, isHomestay, title) 
    values
        (?, ?, ?, ?, ?, ?, ?, ?)
Hibernate: 
    insert 
    into
        StayImage
        (s3Key, stay) 
    values
        (?, ?)
Hibernate: 
    insert 
    into
        StayAvailDate
        (availableDate, stay) 
    values
        (?, ?)
Hibernate: 
    insert 
    into
        StayAvailDate
        (availableDate, stay) 
    values
        (?, ?)
Hibernate: 
    select
        s1_0.id,
        s1_0.address,
        s1_0.areaSize,
        s1_0.capacity,
        s1_0.createdAt,
        s1_0.description,
        s1_0.detailAddress,
        h1_0.id,
        h1_0.loginId,
        h1_0.name,
        h1_0.password,
        h1_0.phone,
        h1_0.role,
        h1_0.region,
        h1_0.stayCount,
        h1_0.villageName,
        s1_0.hostName,
        s1_0.hostPhone,
        s1_0.isActive,
        s1_0.isHomestay,
        s1_0.title,
        s1_0.updatedAt 
    from
        Stay s1_0 
    left join
        (select
            * 
        from
            Member t 
        where
            t.memberType='ADMIN') h1_0 
            on h1_0.id=s1_0.host 
    where
        s1_0.id=?
Hibernate: 
    select
        m1_0.id,
        m1_0.memberType,
        m1_0.loginId,
        m1_0.name,
        m1_0.password,
        m1_0.phone,
        m1_0.role,
        m1_0.region,
        m1_0.stayCount,
        m1_0.villageName 
    from
        Member m1_0 
    where
        m1_0.id=?
Hibernate: 
    select
        count(sad1_0.id) 
    from
        StayAvailDate sad1_0 
    where
        sad1_0.stay=? 
        and sad1_0.availableDate>=? 
        and sad1_0.availableDate<? 
        and not exists(select
            1 
        from
            ReservationDay rd1_0 
        where
            rd1_0.stay=sad1_0.stay 
            and rd1_0.date=sad1_0.availableDate)
Hibernate: 
    insert 
    into
        Reservation
        (endDate, holdToken, isFarm, member, pendingExpiresAt, personCnt, reservedAt, resrvStatus, startDate, stay, visitStatus) 
    values
        (?, ?, ?, ?, ?, ?, ?, ?, ?, ?, ?)
Hibernate: 
    select
        i1_0.stay,
        i1_0.id,
        i1_0.createdAt,
        i1_0.s3Key,
        i1_0.updatedAt 
    from
        StayImage i1_0 
    where
        i1_0.stay=?
Hibernate: 
    select
        r1_0.id,
        r1_0.createdAt,
        r1_0.endDate,
        r1_0.holdToken,
        r1_0.isFarm,
        m1_0.id,
        m1_0.memberType,
        m1_0.loginId,
        m1_0.name,
        m1_0.password,
        m1_0.phone,
        m1_0.role,
        m1_0.region,
        m1_0.stayCount,
        m1_0.villageName,
        r1_0.pendingExpiresAt,
        r1_0.personCnt,
        r1_0.reservedAt,
        r1_0.resrvStatus,
        r1_0.startDate,
        s1_0.id,
        s1_0.address,
        s1_0.areaSize,
        s1_0.capacity,
        s1_0.createdAt,
        s1_0.description,
        s1_0.detailAddress,
        h1_0.id,
        h1_0.loginId,
        h1_0.name,
        h1_0.password,
        h1_0.phone,
        h1_0.role,
        h1_0.region,
        h1_0.stayCount,
        h1_0.villageName,
        s1_0.hostName,
        s1_0.hostPhone,
        s1_0.isActive,
        s1_0.isHomestay,
        s1_0.title,
        s1_0.updatedAt,
        r1_0.updatedAt,
        r1_0.visitStatus 
    from
        Reservation r1_0 
    left join
        Member m1_0 
            on m1_0.id=r1_0.member 
    left join
        Stay s1_0 
            on s1_0.id=r1_0.stay 
    left join
        (select
            * 
        from
            Member t 
        where
            t.memberType='ADMIN') h1_0 
            on h1_0.id=s1_0.host 
    where
        r1_0.id=?
Hibernate: 
    select
        r1_0.id,
        r1_0.createdAt,
        r1_0.endDate,
        r1_0.holdToken,
        r1_0.isFarm,
        m1_0.id,
        m1_0.memberType,
        m1_0.loginId,
        m1_0.name,
        m1_0.password,
        m1_0.phone,
        m1_0.role,
        m1_0.region,
        m1_0.stayCount,
        m1_0.villageName,
        r1_0.pendingExpiresAt,
        r1_0.personCnt,
        r1_0.reservedAt,
        r1_0.resrvStatus,
        r1_0.startDate,
        s1_0.id,
        s1_0.address,
        s1_0.areaSize,
        s1_0.capacity,
        s1_0.createdAt,
        s1_0.description,
        s1_0.detailAddress,
        h1_0.id,
        h1_0.loginId,
        h1_0.name,
        h1_0.password,
        h1_0.phone,
        h1_0.role,
        h1_0.region,
        h1_0.stayCount,
        h1_0.villageName,
        s1_0.hostName,
        s1_0.hostPhone,
        s1_0.isActive,
        s1_0.isHomestay,
        s1_0.title,
        s1_0.updatedAt,
        i1_0.stay,
        i1_0.id,
        i1_0.createdAt,
        i1_0.s3Key,
        i1_0.updatedAt,
        r1_0.updatedAt,
        r1_0.visitStatus 
    from
        Reservation r1_0 
    left join
        Member m1_0 
            on m1_0.id=r1_0.member 
    left join
        Stay s1_0 
            on s1_0.id=r1_0.stay 
    left join
        (select
            * 
        from
            Member t 
        where
            t.memberType='ADMIN') h1_0 
            on h1_0.id=s1_0.host 
    left join
        StayImage i1_0 
            on s1_0.id=i1_0.stay 
    where
        r1_0.id=?
2026-09-13T19:00:13.855+09:00  WARN 949696 --- [backend] [    Test worker] o.h.p.entity.AbstractEntityPersister     : HHH000502: The [updatedAt] property of the [com.sido.backend.reservation.entity.Reservation] entity was modified, but it won't be updated because the property is immutable.
Hibernate: 
    update
        Reservation 
    set
        endDate=?,
        holdToken=?,
        isFarm=?,
        member=?,
        pendingExpiresAt=?,
        personCnt=?,
        reservedAt=?,
        resrvStatus=?,
        startDate=?,
        stay=?,
        visitStatus=? 
    where
        id=?
2026-09-13T19:00:13.868+09:00  INFO 949696 --- [backend] [    Test worker] c.s.b.r.service.ReservationServiceImpl   : 예약 확정 프로세스 시작: reservationId=38
Hibernate: 
    select
        r1_0.id,
        r1_0.createdAt,
        r1_0.endDate,
        r1_0.holdToken,
        r1_0.isFarm,
        r1_0.member,
        r1_0.pendingExpiresAt,
        r1_0.personCnt,
        r1_0.reservedAt,
        r1_0.resrvStatus,
        r1_0.startDate,
        r1_0.stay,
        r1_0.updatedAt,
        r1_0.visitStatus 
    from
        Reservation r1_0 
    where
        r1_0.id=? for update
Hibernate: 
    select
        m1_0.id,
        m1_0.memberType,
        m1_0.loginId,
        m1_0.name,
        m1_0.password,
        m1_0.phone,
        m1_0.role,
        m1_0.region,
        m1_0.stayCount,
        m1_0.villageName 
    from
        Member m1_0 
    where
        m1_0.id=?
Hibernate: 
    select
        s1_0.id,
        s1_0.address,
        s1_0.areaSize,
        s1_0.capacity,
        s1_0.createdAt,
        s1_0.description,
        s1_0.detailAddress,
        h1_0.id,
        h1_0.loginId,
        h1_0.name,
        h1_0.password,
        h1_0.phone,
        h1_0.role,
        h1_0.region,
        h1_0.stayCount,
        h1_0.villageName,
        s1_0.hostName,
        s1_0.hostPhone,
        s1_0.isActive,
        s1_0.isHomestay,
        s1_0.title,
        s1_0.updatedAt 
    from
        Stay s1_0 
    left join
        (select
            * 
        from
            Member t 
        where
            t.memberType='ADMIN') h1_0 
            on h1_0.id=s1_0.host 
    where
        s1_0.id=?
Hibernate: 
    select
        s1_0.id,
        s1_0.address,
        s1_0.areaSize,
        s1_0.capacity,
        s1_0.createdAt,
        s1_0.description,
        s1_0.detailAddress,
        h1_0.id,
        h1_0.loginId,
        h1_0.name,
        h1_0.password,
        h1_0.phone,
        h1_0.role,
        h1_0.region,
        h1_0.stayCount,
        h1_0.villageName,
        s1_0.hostName,
        s1_0.hostPhone,
        s1_0.isActive,
        s1_0.isHomestay,
        s1_0.title,
        s1_0.updatedAt,
        i1_0.stay,
        i1_0.id,
        i1_0.createdAt,
        i1_0.s3Key,
        i1_0.updatedAt 
    from
        Stay s1_0 
    left join
        (select
            * 
        from
            Member t 
        where
            t.memberType='ADMIN') h1_0 
            on h1_0.id=s1_0.host 
    left join
        StayImage i1_0 
            on s1_0.id=i1_0.stay 
    where
        s1_0.id=? for update
Hibernate: 
    select
        rd1_0.date 
    from
        ReservationDay rd1_0 
    where
        rd1_0.stay=? 
    order by
        rd1_0.date
Hibernate: 
    select
        r1_0.id,
        r1_0.createdAt,
        r1_0.endDate,
        r1_0.holdToken,
        r1_0.isFarm,
        m1_0.id,
        m1_0.memberType,
        m1_0.loginId,
        m1_0.name,
        m1_0.password,
        m1_0.phone,
        m1_0.role,
        m1_0.region,
        m1_0.stayCount,
        m1_0.villageName,
        r1_0.pendingExpiresAt,
        r1_0.personCnt,
        r1_0.reservedAt,
        r1_0.resrvStatus,
        r1_0.startDate,
        s1_0.id,
        s1_0.address,
        s1_0.areaSize,
        s1_0.capacity,
        s1_0.createdAt,
        s1_0.description,
        s1_0.detailAddress,
        h1_0.id,
        h1_0.loginId,
        h1_0.name,
        h1_0.password,
        h1_0.phone,
        h1_0.role,
        h1_0.region,
        h1_0.stayCount,
        h1_0.villageName,
        s1_0.hostName,
        s1_0.hostPhone,
        s1_0.isActive,
        s1_0.isHomestay,
        s1_0.title,
        s1_0.updatedAt,
        r1_0.updatedAt,
        r1_0.visitStatus 
    from
        Reservation r1_0 
    left join
        Member m1_0 
            on m1_0.id=r1_0.member 
    left join
        Stay s1_0 
            on s1_0.id=r1_0.stay 
    left join
        (select
            * 
        from
            Member t 
        where
            t.memberType='ADMIN') h1_0 
            on h1_0.id=s1_0.host 
    where
        r1_0.id=?
]]></system-out>
  <system-err><![CDATA[]]></system-err>
</testsuite>
